<?xml version="1.0" encoding="UTF-8"?>
<!-- Generated by org.testng.reporters.JUnitReportReporter -->
<testsuite skipped="0" hostname="BS-784" name="pom.inetbanking.testcases.TC_LoginTest_001" tests="1" failures="0" timestamp="24 Feb 2022 12:47:35 GMT" time="3.090" errors="0">
  <testcase name="loginTest" time="3.090" classname="pom.inetbanking.testcases.TC_LoginTest_001"/>
</testsuite> <!-- pom.inetbanking.testcases.TC_LoginTest_001 -->
